<?xml version="1.0" encoding="UTF-8"?>
<!-- Generated by org.testng.reporters.JUnitReportReporter -->
<testsuite hostname="REFL-RLP271" failures="0" tests="2" name="LambdaDemo.HandleAuthenticationPopUp" time="65.823" errors="0" timestamp="12 Mar 2024 13:23:12 GMT" skipped="0">
  <testcase classname="LambdaDemo.HandleAuthenticationPopUp" name="handleAuth" time="34.350"/>
  <testcase classname="LambdaDemo.HandleAuthenticationPopUp" name="handleAuth" time="31.473"/>
</testsuite> <!-- LambdaDemo.HandleAuthenticationPopUp -->
