<?xml version="1.0" encoding="UTF-8"?>
<!-- Generated by org.testng.reporters.JUnitReportReporter -->
<testsuite hostname="REFL-RLP271" failures="0" tests="1" name="LambdaDemo.HandleDropDown" time="9.954" errors="0" timestamp="11 Mar 2024 04:45:41 GMT" skipped="0">
  <testcase classname="LambdaDemo.HandleDropDown" name="selectDropDown" time="9.954"/>
</testsuite> <!-- LambdaDemo.HandleDropDown -->
