<?xml version="1.0" encoding="UTF-8"?>
<!-- Generated by org.testng.reporters.JUnitReportReporter -->
<testsuite hostname="REFL-RLP271" failures="0" tests="1" name="LambdaDemo.LaunchBrowser" time="3.171" errors="0" timestamp="08 Mar 2024 11:19:34 GMT" skipped="0">
  <testcase classname="LambdaDemo.LaunchBrowser" name="myTest" time="3.171"/>
</testsuite> <!-- LambdaDemo.LaunchBrowser -->
