<?xml version="1.0" encoding="UTF-8"?>
<!-- Generated by org.testng.reporters.JUnitReportReporter -->
<testsuite hostname="REFL-RLP271" failures="0" tests="1" name="LambdaDemo.WindowHandling" time="17.939" errors="0" timestamp="12 Mar 2024 04:39:06 GMT" skipped="0">
  <testcase classname="LambdaDemo.WindowHandling" name="windows" time="17.939"/>
</testsuite> <!-- LambdaDemo.WindowHandling -->
