<?xml version="1.0" encoding="UTF-8"?>
<!-- Generated by org.testng.reporters.JUnitReportReporter -->
<testsuite hostname="REFL-RLP271" failures="0" tests="2" name="LambdaDemo.ScreenShot" time="35.040" errors="0" timestamp="12 Mar 2024 10:12:49 GMT" skipped="0">
  <testcase classname="LambdaDemo.ScreenShot" name="screenshot" time="18.487"/>
  <testcase classname="LambdaDemo.ScreenShot" name="screenshot" time="16.553"/>
</testsuite> <!-- LambdaDemo.ScreenShot -->
