<?xml version="1.0" encoding="UTF-8"?>
<!-- Generated by org.testng.reporters.JUnitReportReporter -->
<testsuite hostname="REFL-RLP271" failures="0" tests="1" name="LambdaDemo.UploadAndDownload" time="32.393" errors="0" timestamp="13 Mar 2024 05:35:10 GMT" skipped="0">
  <testcase classname="LambdaDemo.UploadAndDownload" name="main" time="32.393"/>
</testsuite> <!-- LambdaDemo.UploadAndDownload -->
