<?xml version="1.0" encoding="UTF-8"?>
<!-- Generated by org.testng.reporters.JUnitReportReporter -->
<testsuite hostname="REFL-RLP271" failures="0" tests="3" name="LambdaDemo.AdvancedUserInteractions" time="20.080" errors="0" timestamp="13 Mar 2024 06:44:35 GMT" skipped="1">
  <testcase classname="LambdaDemo.AdvancedUserInteractions" name="dragDropByLocation" time="8.621"/>
  <testcase classname="LambdaDemo.AdvancedUserInteractions" name="dragDrop" time="11.459"/>
  <testcase classname="LambdaDemo.AdvancedUserInteractions" name="move">
    <skipped/>
  </testcase> <!-- move -->
</testsuite> <!-- LambdaDemo.AdvancedUserInteractions -->
